<?xml version="1.0" encoding="UTF-8"?>
<!-- Generated by org.testng.reporters.JUnitReportReporter -->
<testsuite hostname="DESKTOP-VHOIMVT" failures="0" tests="1" name="sample.Demo3" time="0.030" errors="0" timestamp="2023-04-14T11:08:02 IST" skipped="0">
  <testcase classname="sample.Demo3" name="test" time="0.030"/>
  <system-out/>
</testsuite> <!-- sample.Demo3 -->
